<?xml version="1.0" encoding="UTF-8"?>
<!-- Generated by org.testng.reporters.JUnitReportReporter -->
<testsuite hostname="DESKTOP-7ELQFVL" failures="0" tests="1" name="cucumber.apiautomation.apiautomation" time="3.128" errors="0" timestamp="2024-07-18T12:13:40 IST" skipped="0">
  <testcase classname="cucumber.apiautomation.apiautomation" name="verifyputrquest" time="3.128"/>
  <system-out/>
</testsuite> <!-- cucumber.apiautomation.apiautomation -->
