<?xml version="1.0" encoding="UTF-8"?>
<!-- Generated by org.testng.reporters.JUnitReportReporter -->
<testsuite hostname="DESKTOP-7ELQFVL" failures="0" tests="1" name="xmlpractice.a" time="13.446" errors="0" timestamp="2024-06-18T11:29:01 IST" skipped="0">
  <testcase classname="xmlpractice.a" name="productmultipledata" time="13.446"/>
  <system-out/>
</testsuite> <!-- xmlpractice.a -->
