<?xml version="1.0" encoding="UTF-8"?>
<!-- Generated by org.testng.reporters.JUnitReportReporter -->
<testsuite hostname="DESKTOP-7ELQFVL" failures="0" tests="1" name="xmlpractice.c" time="15.913" errors="0" timestamp="2024-06-18T11:29:01 IST" skipped="0">
  <testcase classname="xmlpractice.c" name="productmultipledata" time="15.913"/>
  <system-out/>
</testsuite> <!-- xmlpractice.c -->
