<?xml version="1.0" encoding="UTF-8"?>
<!-- Generated by org.testng.reporters.JUnitReportReporter -->
<testsuite hostname="DESKTOP-7ELQFVL" failures="0" tests="2" name="day1.day123" time="29.587" errors="0" timestamp="2024-07-03T13:26:05 IST" skipped="0">
  <testcase classname="day1.day123" name="practice" time="17.286"/>
  <system-out/>
  <testcase classname="day1.day123" name="practice2" time="12.301"/>
  <system-out/>
</testsuite> <!-- day1.day123 -->
